<?xml version="1.0" encoding="UTF-8"?>
<!-- Generated by org.testng.reporters.JUnitXMLReporter -->
<testsuite hostname="YASH" name="Test" tests="2" failures="1" timestamp="16 Aug 2018 05:56:15 GMT" time="26.571" errors="0">
  <testcase name="loginTest" time="5.185" classname="com.ecomtest.qa.scripts.LoginTest"/>
  <testcase name="loginTest1" time="0.002" classname="com.ecomtest.qa.scripts.LoginTest">
    <failure type="java.lang.AssertionError" message="expected [true] but found [false]">
      <![CDATA[java.lang.AssertionError: expected [true] but found [false]
	at com.ecomtest.qa.scripts.LoginTest.loginTest1(LoginTest.java:36)
... Removed 28 stack frames]]>
    </failure>
  </testcase> <!-- loginTest1 -->
</testsuite> <!-- Test -->
